[2025-08-11T02:20:31.167+0000] {taskinstance.py:1956} INFO - Dependencies all met for dep_context=non-requeueable deps ti=<TaskInstance: public_health_data_pipeline.create_postgres_table_if_not_exists manual__2025-08-11T02:20:30.355885+00:00 [queued]>
[2025-08-11T02:20:31.172+0000] {taskinstance.py:1956} INFO - Dependencies all met for dep_context=requeueable deps ti=<TaskInstance: public_health_data_pipeline.create_postgres_table_if_not_exists manual__2025-08-11T02:20:30.355885+00:00 [queued]>
[2025-08-11T02:20:31.174+0000] {taskinstance.py:2170} INFO - Starting attempt 1 of 1
[2025-08-11T02:20:31.181+0000] {taskinstance.py:2191} INFO - Executing <Task(_PythonDecoratedOperator): create_postgres_table_if_not_exists> on 2025-08-11 02:20:30.355885+00:00
[2025-08-11T02:20:31.184+0000] {standard_task_runner.py:60} INFO - Started process 175 to run task
[2025-08-11T02:20:31.186+0000] {standard_task_runner.py:87} INFO - Running: ['***', 'tasks', 'run', 'public_health_data_pipeline', 'create_postgres_table_if_not_exists', 'manual__2025-08-11T02:20:30.355885+00:00', '--job-id', '28', '--raw', '--subdir', 'DAGS_FOLDER/covid_data_pipeline.py', '--cfg-path', '/tmp/tmpee3txcfy']
[2025-08-11T02:20:31.187+0000] {standard_task_runner.py:88} INFO - Job 28: Subtask create_postgres_table_if_not_exists
[2025-08-11T02:20:31.225+0000] {task_command.py:423} INFO - Running <TaskInstance: public_health_data_pipeline.create_postgres_table_if_not_exists manual__2025-08-11T02:20:30.355885+00:00 [running]> on host 88fedbca0f53
[2025-08-11T02:20:31.261+0000] {taskinstance.py:2480} INFO - Exporting env vars: AIRFLOW_CTX_DAG_OWNER='***' AIRFLOW_CTX_DAG_ID='public_health_data_pipeline' AIRFLOW_CTX_TASK_ID='create_postgres_table_if_not_exists' AIRFLOW_CTX_EXECUTION_DATE='2025-08-11T02:20:30.355885+00:00' AIRFLOW_CTX_TRY_NUMBER='1' AIRFLOW_CTX_DAG_RUN_ID='manual__2025-08-11T02:20:30.355885+00:00'
[2025-08-11T02:20:31.265+0000] {crypto.py:82} WARNING - empty cryptography key - values will not be stored encrypted.
[2025-08-11T02:20:31.266+0000] {base.py:83} INFO - Using connection ID 'postgres_default' for task execution.
[2025-08-11T02:20:31.283+0000] {sql.py:450} INFO - Running statement: 
            CREATE TABLE IF NOT EXISTS covid_state_metrics (
                date DATE,
                state VARCHAR(50),
                fips INTEGER,
                cases INTEGER,
                deaths INTEGER,
                new_cases INTEGER,
                new_deaths INTEGER,
                PRIMARY KEY (date, state)
            );
        , parameters: None
[2025-08-11T02:20:31.285+0000] {python.py:201} INFO - Done. Returned value was: None
[2025-08-11T02:20:31.292+0000] {taskinstance.py:1138} INFO - Marking task as SUCCESS. dag_id=public_health_data_pipeline, task_id=create_postgres_table_if_not_exists, execution_date=20250811T022030, start_date=20250811T022031, end_date=20250811T022031
[2025-08-11T02:20:31.327+0000] {local_task_job_runner.py:234} INFO - Task exited with return code 0
[2025-08-11T02:20:31.337+0000] {taskinstance.py:3280} INFO - 0 downstream tasks scheduled from follow-on schedule check
