[2025-08-11T01:47:00.329+0000] {taskinstance.py:1956} INFO - Dependencies all met for dep_context=non-requeueable deps ti=<TaskInstance: public_health_data_pipeline.create_postgres_table_if_not_exists manual__2025-08-11T01:46:59.030710+00:00 [queued]>
[2025-08-11T01:47:00.334+0000] {taskinstance.py:1956} INFO - Dependencies all met for dep_context=requeueable deps ti=<TaskInstance: public_health_data_pipeline.create_postgres_table_if_not_exists manual__2025-08-11T01:46:59.030710+00:00 [queued]>
[2025-08-11T01:47:00.334+0000] {taskinstance.py:2170} INFO - Starting attempt 1 of 1
[2025-08-11T01:47:00.340+0000] {taskinstance.py:2191} INFO - Executing <Task(_PythonDecoratedOperator): create_postgres_table_if_not_exists> on 2025-08-11 01:46:59.030710+00:00
[2025-08-11T01:47:00.344+0000] {standard_task_runner.py:60} INFO - Started process 205 to run task
[2025-08-11T01:47:00.346+0000] {standard_task_runner.py:87} INFO - Running: ['***', 'tasks', 'run', 'public_health_data_pipeline', 'create_postgres_table_if_not_exists', 'manual__2025-08-11T01:46:59.030710+00:00', '--job-id', '26', '--raw', '--subdir', 'DAGS_FOLDER/covid_data_pipeline.py', '--cfg-path', '/tmp/tmple9scmoe']
[2025-08-11T01:47:00.348+0000] {standard_task_runner.py:88} INFO - Job 26: Subtask create_postgres_table_if_not_exists
[2025-08-11T01:47:00.381+0000] {task_command.py:423} INFO - Running <TaskInstance: public_health_data_pipeline.create_postgres_table_if_not_exists manual__2025-08-11T01:46:59.030710+00:00 [running]> on host 21f3fb7e4802
[2025-08-11T01:47:00.416+0000] {taskinstance.py:2480} INFO - Exporting env vars: AIRFLOW_CTX_DAG_OWNER='***' AIRFLOW_CTX_DAG_ID='public_health_data_pipeline' AIRFLOW_CTX_TASK_ID='create_postgres_table_if_not_exists' AIRFLOW_CTX_EXECUTION_DATE='2025-08-11T01:46:59.030710+00:00' AIRFLOW_CTX_TRY_NUMBER='1' AIRFLOW_CTX_DAG_RUN_ID='manual__2025-08-11T01:46:59.030710+00:00'
[2025-08-11T01:47:00.421+0000] {base.py:83} INFO - Using connection ID 'postgres_default' for task execution.
[2025-08-11T01:47:00.423+0000] {sql.py:450} INFO - Running statement: 
            CREATE TABLE IF NOT EXISTS covid_state_metrics (
                date DATE,
                state VARCHAR(50),
                fips INTEGER,
                cases INTEGER,
                deaths INTEGER,
                new_cases INTEGER,
                new_deaths INTEGER,
                PRIMARY KEY (date, state)
            );
        , parameters: None
[2025-08-11T01:47:00.424+0000] {python.py:201} INFO - Done. Returned value was: None
[2025-08-11T01:47:00.429+0000] {taskinstance.py:1138} INFO - Marking task as SUCCESS. dag_id=public_health_data_pipeline, task_id=create_postgres_table_if_not_exists, execution_date=20250811T014659, start_date=20250811T014700, end_date=20250811T014700
[2025-08-11T01:47:00.443+0000] {local_task_job_runner.py:234} INFO - Task exited with return code 0
[2025-08-11T01:47:00.456+0000] {taskinstance.py:3280} INFO - 0 downstream tasks scheduled from follow-on schedule check
